{
  "Cucumber Features": {
    "coverage": {
      "/home/ubuntu/workspace/CSCE606_DeadPool/app/models/user.rb": [
        1,
        1,
        null,
        null,
        null,
        1,
        null,
        null,
        1,
        null,
        1,
        1,
        177,
        33,
        32,
        null,
        1,
        null,
        null,
        null,
        null
      ],
      "/home/ubuntu/workspace/CSCE606_DeadPool/app/controllers/application_controller.rb": [
        1,
        null,
        null,
        1,
        null,
        1,
        null,
        1,
        434,
        4,
        4,
        null,
        null,
        null,
        1,
        1,
        1,
        1,
        null,
        0,
        null,
        null,
        null
      ],
      "/home/ubuntu/workspace/CSCE606_DeadPool/app/helpers/application_helper.rb": [
        1,
        1,
        3878,
        null,
        null,
        1,
        15336,
        null,
        null,
        1,
        3411,
        null,
        null,
        1,
        0,
        null,
        null,
        1,
        101,
        278,
        null,
        278,
        101,
        null,
        null,
        1,
        42,
        42,
        10,
        null,
        null,
        1,
        18,
        24,
        null,
        24,
        null,
        null,
        18,
        2,
        null,
        null
      ],
      "/home/ubuntu/workspace/CSCE606_DeadPool/app/helpers/admin_helper.rb": [
        1,
        null
      ],
      "/home/ubuntu/workspace/CSCE606_DeadPool/app/helpers/course_name_helper.rb": [
        1,
        null
      ],
      "/home/ubuntu/workspace/CSCE606_DeadPool/app/helpers/evaluation_helper.rb": [
        1,
        null
      ],
      "/home/ubuntu/workspace/CSCE606_DeadPool/app/helpers/home_helper.rb": [
        1,
        null
      ],
      "/home/ubuntu/workspace/CSCE606_DeadPool/app/helpers/instructor_helper.rb": [
        1,
        null,
        1,
        null,
        9,
        9,
        1,
        null,
        null,
        9,
        null,
        null,
        1,
        0,
        0,
        0,
        null,
        null,
        0,
        0,
        0,
        null,
        null,
        0,
        null,
        null,
        1,
        297,
        297,
        8,
        null,
        297,
        null,
        null,
        null
      ],
      "/home/ubuntu/workspace/CSCE606_DeadPool/app/controllers/admin_controller.rb": [
        1,
        1,
        1,
        null,
        1,
        32,
        1,
        null,
        null,
        null,
        1,
        21,
        21,
        null,
        null,
        1,
        1,
        1,
        1,
        1,
        null,
        null,
        1,
        2,
        1,
        1,
        1,
        null,
        1,
        null,
        2,
        null,
        null,
        1,
        2,
        1,
        1,
        1,
        null,
        1,
        null,
        2,
        null,
        null,
        1,
        3,
        2,
        2,
        2,
        null,
        1,
        null,
        3,
        null,
        null,
        1,
        2,
        1,
        1,
        1,
        null,
        1,
        null,
        2,
        null,
        null,
        1,
        25,
        null,
        null,
        1,
        9,
        null,
        null
      ],
      "/home/ubuntu/workspace/CSCE606_DeadPool/app/controllers/course_name_controller.rb": [
        1,
        null,
        1,
        null,
        1,
        4,
        4,
        null,
        null,
        1,
        1,
        1,
        1,
        null,
        1,
        1,
        1,
        null,
        0,
        0,
        null,
        null,
        null,
        1,
        0,
        null,
        null,
        1,
        0,
        0,
        null,
        0,
        null,
        null,
        null,
        1,
        0,
        0,
        0,
        0,
        null,
        0,
        0,
        null,
        0,
        0,
        null,
        null,
        0,
        0,
        null,
        0,
        0,
        null,
        null,
        1,
        1,
        5,
        4,
        null,
        1,
        null,
        null,
        null,
        1,
        1,
        null,
        null
      ],
      "/home/ubuntu/workspace/CSCE606_DeadPool/app/controllers/evaluation_controller.rb": [
        1,
        null,
        1,
        null,
        1,
        6,
        5,
        null,
        5,
        5,
        null,
        1,
        null,
        null,
        null,
        1,
        1,
        null,
        1,
        1,
        1,
        null,
        1,
        1,
        1,
        null,
        0,
        0,
        0,
        null,
        null,
        null,
        1,
        15,
        null,
        13,
        13,
        13,
        13,
        null,
        null,
        13,
        13,
        null,
        0,
        null,
        null,
        13,
        0,
        0,
        null,
        13,
        null,
        null,
        2,
        null,
        null,
        null,
        1,
        40,
        40,
        null,
        40,
        40,
        40,
        75,
        null,
        75,
        null,
        75,
        null,
        null,
        40,
        40,
        40,
        40,
        null,
        null,
        40,
        40,
        null,
        40,
        40,
        40,
        40,
        40,
        null,
        40,
        null,
        40,
        40,
        40,
        40,
        null,
        0,
        0,
        0,
        0,
        null,
        0,
        0,
        0,
        null,
        null,
        null,
        0,
        0,
        0,
        null,
        null,
        null,
        null,
        null,
        0,
        0,
        0,
        0,
        null,
        0,
        0,
        0,
        0,
        null,
        0,
        0,
        null,
        null,
        0,
        0,
        null,
        null,
        null,
        null,
        null,
        40,
        40,
        null,
        0,
        null,
        null,
        null,
        40,
        40,
        38,
        null,
        0,
        0,
        0,
        null,
        null,
        null,
        0,
        0,
        0,
        null,
        null,
        null,
        2,
        2,
        2,
        null,
        null,
        null,
        40,
        null,
        40,
        null,
        40,
        40,
        null,
        0,
        null,
        0,
        null,
        null,
        40,
        1,
        null,
        null,
        1,
        null,
        null,
        0,
        null,
        null,
        1,
        null,
        null,
        37,
        37,
        null,
        null,
        null,
        null,
        40,
        40,
        40,
        92,
        297,
        297,
        null,
        297,
        0,
        null,
        0,
        null,
        297,
        null,
        null,
        297,
        297,
        null,
        92,
        null,
        null,
        40,
        null,
        null,
        1,
        42,
        40,
        null,
        2,
        null,
        null,
        null,
        1,
        1,
        0,
        0,
        0,
        0,
        null,
        0,
        null,
        null,
        1,
        null,
        null,
        null,
        1,
        17,
        16,
        null,
        1,
        null,
        null,
        null,
        1,
        12,
        11,
        null,
        1,
        null,
        null,
        null,
        1,
        0,
        0,
        0,
        null,
        null,
        null,
        1,
        5,
        4,
        4,
        4,
        null,
        1,
        null,
        null,
        null,
        1,
        1,
        1,
        1,
        1,
        1,
        null,
        null,
        1,
        1,
        1,
        1,
        1,
        1,
        null,
        0,
        0,
        0,
        null,
        null,
        null,
        1,
        13,
        12,
        12,
        12,
        11,
        11,
        null,
        11,
        11,
        null,
        1,
        1,
        null,
        null,
        0,
        0,
        null,
        1,
        1,
        null,
        null,
        1,
        6,
        0,
        0,
        0,
        null,
        null,
        6,
        1,
        1,
        1,
        null,
        null,
        5,
        4,
        4,
        null,
        4,
        4,
        null,
        1,
        1,
        null,
        null,
        1,
        1,
        null,
        null,
        16,
        null,
        null,
        16,
        1,
        0,
        null,
        1,
        1,
        null,
        null,
        1,
        null,
        null,
        1,
        null,
        null,
        2,
        null,
        null,
        1,
        6,
        null,
        null
      ],
      "/home/ubuntu/workspace/CSCE606_DeadPool/app/controllers/home_controller.rb": [
        1,
        1,
        1,
        null,
        null
      ],
      "/home/ubuntu/workspace/CSCE606_DeadPool/app/controllers/instructor_controller.rb": [
        1,
        1,
        null,
        1,
        1,
        null,
        1,
        null,
        4,
        16,
        null,
        null,
        1,
        9,
        9,
        9,
        null,
        null,
        1,
        0,
        null,
        0,
        0,
        null,
        0,
        null,
        null,
        1,
        0,
        0,
        0,
        null,
        null,
        1,
        1,
        9,
        null,
        null,
        1,
        15,
        2,
        null,
        null,
        null
      ],
      "/home/ubuntu/workspace/CSCE606_DeadPool/app/models/ability.rb": [
        1,
        1,
        null,
        1,
        244,
        189,
        189,
        189,
        55,
        12,
        12,
        43,
        18,
        null,
        null,
        null
      ],
      "/home/ubuntu/workspace/CSCE606_DeadPool/app/models/course_name.rb": [
        1,
        1,
        null,
        1,
        null,
        null,
        1,
        0,
        0,
        0,
        0,
        0,
        null,
        null,
        null,
        null
      ],
      "/home/ubuntu/workspace/CSCE606_DeadPool/app/models/evaluation.rb": [
        1,
        null,
        1,
        null,
        1,
        null,
        null,
        1,
        0,
        null,
        null,
        null,
        1,
        null,
        1,
        null,
        1,
        null,
        1,
        1,
        1,
        1,
        1,
        1,
        1,
        1,
        1,
        1,
        1,
        null,
        85,
        1,
        null,
        1,
        null,
        1,
        3312,
        null,
        null,
        1,
        142,
        141,
        null,
        142,
        null,
        142,
        142,
        142,
        null,
        142,
        125,
        null,
        null,
        142,
        142,
        142,
        null,
        142,
        null,
        142,
        null,
        null,
        1,
        64,
        null,
        399,
        null,
        62,
        null,
        117,
        580,
        null,
        null,
        1,
        0,
        null,
        0,
        null,
        0,
        null,
        0,
        0,
        0,
        null,
        null,
        1,
        1,
        null,
        11,
        null,
        2,
        null,
        14,
        14,
        15,
        null,
        null,
        1,
        1,
        null,
        11,
        null,
        0,
        null,
        12,
        12,
        13,
        null,
        null,
        1,
        1,
        null,
        6,
        null,
        0,
        null,
        1,
        8,
        null,
        null,
        1,
        40,
        null,
        null,
        1,
        0,
        null,
        null,
        1,
        330,
        null,
        null,
        1,
        8,
        null,
        null,
        1,
        313,
        null,
        null,
        1,
        null,
        null,
        null,
        null,
        null,
        null,
        null,
        null,
        null,
        null,
        null,
        null,
        null,
        null,
        null,
        null,
        0,
        null,
        null
      ],
      "/home/ubuntu/workspace/CSCE606_DeadPool/app/models/instructor.rb": [
        1,
        1,
        null,
        null,
        1,
        null,
        1,
        null,
        1,
        18,
        null,
        null,
        1,
        null,
        9,
        9,
        null,
        null,
        1,
        149,
        149,
        null,
        null
      ],
      "/home/ubuntu/workspace/CSCE606_DeadPool/app/models/role.rb": [
        1,
        1,
        null,
        1,
        null,
        null,
        1,
        null,
        119,
        null,
        null,
        1,
        null,
        null,
        null,
        1,
        null
      ],
      "/home/ubuntu/workspace/CSCE606_DeadPool/lib/pica_report_importer.rb": [
        1,
        1,
        1,
        1,
        null,
        1,
        null,
        1,
        1,
        null,
        0,
        null,
        null,
        null,
        null,
        null,
        1,
        null,
        null,
        null,
        null,
        null,
        1,
        null,
        1,
        12,
        null,
        12,
        11,
        1,
        0,
        0,
        null,
        0,
        null,
        null,
        null,
        1,
        null,
        null,
        null,
        null,
        1,
        11,
        null,
        null,
        1,
        108,
        108,
        108,
        null,
        11,
        null,
        null,
        1,
        1,
        11,
        null,
        null,
        1,
        11,
        null,
        11,
        11,
        null,
        null,
        11,
        11,
        561,
        null,
        null,
        11,
        null,
        108,
        null,
        97,
        97,
        1358,
        1358,
        1358,
        null,
        1358,
        1358,
        null,
        null,
        97,
        null,
        null,
        0,
        null,
        null,
        0,
        null,
        0,
        0,
        null,
        null,
        0,
        0,
        0,
        0,
        0,
        0,
        null,
        0,
        0,
        0,
        null,
        0,
        null,
        null,
        null,
        0,
        null,
        null,
        null,
        11,
        null,
        null
      ],
      "/home/ubuntu/workspace/CSCE606_DeadPool/lib/evaluation_import_utils.rb": [
        1,
        1,
        null,
        1,
        15,
        141,
        141,
        null,
        null,
        null,
        1,
        141,
        null,
        141,
        141,
        null,
        null,
        0,
        0,
        0,
        0,
        null,
        0,
        null,
        null,
        0,
        null,
        null,
        null,
        1,
        null,
        1763,
        null,
        null,
        1763,
        null,
        141,
        null,
        null,
        null
      ],
      "/home/ubuntu/workspace/CSCE606_DeadPool/lib/grade_distribution_report_importer.rb": [
        1,
        null,
        1,
        null,
        1,
        null,
        null,
        null,
        null,
        null,
        1,
        null,
        1,
        5,
        4,
        null,
        null,
        1,
        4,
        null,
        null,
        1,
        48,
        48,
        48,
        null,
        4,
        null,
        null,
        1,
        1,
        4,
        null,
        null,
        1,
        4,
        4,
        4,
        4,
        null,
        4,
        44,
        44,
        null,
        null,
        null,
        null,
        null,
        null,
        null,
        44,
        null,
        null,
        null,
        1,
        4,
        null,
        null,
        168,
        null,
        4,
        null,
        4,
        68,
        68,
        0,
        68,
        12,
        156,
        null,
        null,
        null,
        4,
        null,
        null,
        1,
        68,
        544,
        536,
        544,
        68,
        null,
        null,
        1,
        0,
        0,
        0,
        0,
        null,
        null,
        1,
        156,
        null,
        44,
        null,
        52,
        572,
        44,
        null,
        572,
        null,
        null,
        44,
        264,
        44,
        44,
        null,
        null,
        null,
        null,
        null,
        1,
        4,
        null,
        null
      ],
      "/home/ubuntu/workspace/CSCE606_DeadPool/lib/evaluation_report_exporter.rb": [
        0,
        0,
        0,
        0,
        0,
        0,
        0,
        0,
        0,
        0,
        0,
        0,
        0,
        0,
        0,
        0,
        0,
        0,
        0,
        0,
        0,
        0,
        0,
        0,
        0,
        0,
        0,
        0,
        0,
        0,
        0,
        0,
        0,
        0,
        0,
        0,
        0,
        0,
        0,
        0,
        0,
        0,
        0,
        0,
        0,
        0,
        0,
        0,
        0,
        0,
        0,
        0,
        0
      ],
      "/home/ubuntu/workspace/CSCE606_DeadPool/lib/course_name_importer.rb": [
        0,
        0,
        0,
        0,
        0,
        0,
        0,
        0,
        0,
        0,
        0,
        0,
        0,
        0,
        0,
        0,
        0,
        0,
        0,
        0,
        0,
        0,
        0,
        0,
        0,
        0,
        0,
        0,
        0,
        0,
        0,
        0,
        0,
        0,
        0,
        0,
        0,
        0,
        0,
        0,
        0,
        0,
        0,
        0,
        0,
        0,
        0,
        0,
        0,
        0,
        0,
        0,
        0,
        0,
        0,
        0,
        0,
        0,
        0,
        0,
        0,
        0,
        0,
        0,
        0
      ],
      "/home/ubuntu/workspace/CSCE606_DeadPool/lib/course_name_import_utils.rb": [
        0,
        0,
        0,
        0,
        0,
        0,
        0,
        0,
        0,
        0,
        0,
        0,
        0,
        0,
        0
      ],
      "/home/ubuntu/workspace/CSCE606_DeadPool/lib/instructor_report_exporter.rb": [
        0,
        0,
        0,
        0,
        0,
        0,
        0,
        0,
        0,
        0,
        0,
        0,
        0,
        0,
        0,
        0,
        0,
        0,
        0,
        0,
        0,
        0,
        0,
        0,
        0,
        0,
        0,
        0,
        0,
        0,
        0,
        0,
        0,
        0,
        0,
        0,
        0,
        0,
        0,
        0,
        0
      ]
    },
    "timestamp": 1490495951
  },
  "RSpec": {
    "coverage": {
      "/home/ubuntu/workspace/CSCE606_DeadPool/app/models/user.rb": [
        1,
        1,
        null,
        null,
        null,
        1,
        null,
        null,
        1,
        null,
        1,
        1,
        71,
        71,
        69,
        null,
        2,
        null,
        null,
        null,
        null
      ],
      "/home/ubuntu/workspace/CSCE606_DeadPool/app/controllers/application_controller.rb": [
        1,
        null,
        null,
        1,
        null,
        1,
        null,
        1,
        77,
        2,
        2,
        null,
        null,
        null,
        1,
        4,
        1,
        1,
        null,
        3,
        null,
        null,
        null
      ],
      "/home/ubuntu/workspace/CSCE606_DeadPool/app/helpers/application_helper.rb": [
        1,
        1,
        508,
        null,
        null,
        1,
        1275,
        null,
        null,
        1,
        468,
        null,
        null,
        1,
        0,
        null,
        null,
        1,
        19,
        63,
        null,
        33,
        19,
        null,
        null,
        1,
        19,
        19,
        19,
        null,
        null,
        1,
        9,
        27,
        null,
        9,
        null,
        null,
        9,
        9,
        null,
        null
      ],
      "/home/ubuntu/workspace/CSCE606_DeadPool/app/helpers/admin_helper.rb": [
        1,
        null
      ],
      "/home/ubuntu/workspace/CSCE606_DeadPool/app/helpers/course_name_helper.rb": [
        1,
        null
      ],
      "/home/ubuntu/workspace/CSCE606_DeadPool/app/helpers/evaluation_helper.rb": [
        1,
        null
      ],
      "/home/ubuntu/workspace/CSCE606_DeadPool/app/helpers/home_helper.rb": [
        1,
        null
      ],
      "/home/ubuntu/workspace/CSCE606_DeadPool/app/helpers/instructor_helper.rb": [
        1,
        null,
        1,
        null,
        2,
        2,
        1,
        null,
        null,
        2,
        null,
        null,
        1,
        9,
        9,
        3,
        null,
        null,
        9,
        9,
        3,
        null,
        null,
        9,
        null,
        null,
        1,
        2,
        2,
        1,
        null,
        2,
        null,
        null,
        null
      ],
      "/home/ubuntu/workspace/CSCE606_DeadPool/app/controllers/admin_controller.rb": [
        1,
        1,
        1,
        null,
        1,
        1,
        0,
        null,
        null,
        null,
        1,
        1,
        1,
        null,
        null,
        1,
        0,
        0,
        0,
        0,
        null,
        null,
        1,
        0,
        0,
        0,
        0,
        null,
        0,
        null,
        0,
        null,
        null,
        1,
        0,
        0,
        0,
        0,
        null,
        0,
        null,
        0,
        null,
        null,
        1,
        0,
        0,
        0,
        0,
        null,
        0,
        null,
        0,
        null,
        null,
        1,
        0,
        0,
        0,
        0,
        null,
        0,
        null,
        0,
        null,
        null,
        1,
        0,
        null,
        null,
        1,
        0,
        null,
        null
      ],
      "/home/ubuntu/workspace/CSCE606_DeadPool/app/controllers/course_name_controller.rb": [
        1,
        null,
        1,
        null,
        1,
        4,
        3,
        null,
        null,
        1,
        3,
        3,
        3,
        null,
        3,
        2,
        2,
        null,
        1,
        1,
        null,
        null,
        null,
        1,
        4,
        null,
        null,
        1,
        1,
        1,
        null,
        0,
        null,
        null,
        null,
        1,
        4,
        4,
        3,
        2,
        null,
        2,
        2,
        null,
        0,
        0,
        null,
        null,
        0,
        0,
        null,
        2,
        2,
        null,
        null,
        1,
        1,
        7,
        4,
        null,
        3,
        null,
        null,
        null,
        1,
        3,
        null,
        null
      ],
      "/home/ubuntu/workspace/CSCE606_DeadPool/app/controllers/evaluation_controller.rb": [
        1,
        null,
        1,
        null,
        1,
        3,
        3,
        null,
        3,
        3,
        null,
        0,
        null,
        null,
        null,
        1,
        7,
        null,
        7,
        7,
        7,
        null,
        7,
        3,
        3,
        null,
        4,
        4,
        4,
        null,
        null,
        null,
        1,
        3,
        null,
        3,
        3,
        3,
        3,
        null,
        null,
        3,
        2,
        null,
        1,
        null,
        null,
        3,
        1,
        1,
        null,
        2,
        null,
        null,
        0,
        null,
        null,
        null,
        1,
        10,
        10,
        null,
        10,
        10,
        10,
        26,
        null,
        26,
        null,
        26,
        null,
        null,
        10,
        10,
        10,
        20,
        null,
        null,
        10,
        10,
        null,
        10,
        10,
        10,
        10,
        10,
        null,
        10,
        null,
        10,
        8,
        8,
        8,
        null,
        0,
        0,
        0,
        0,
        null,
        0,
        0,
        0,
        null,
        null,
        null,
        0,
        0,
        0,
        null,
        null,
        null,
        null,
        null,
        2,
        2,
        2,
        2,
        null,
        0,
        0,
        0,
        0,
        null,
        0,
        0,
        null,
        null,
        0,
        0,
        null,
        null,
        null,
        null,
        null,
        10,
        9,
        null,
        1,
        null,
        null,
        null,
        10,
        10,
        8,
        null,
        0,
        0,
        0,
        null,
        null,
        null,
        0,
        0,
        0,
        null,
        null,
        null,
        2,
        4,
        2,
        null,
        null,
        null,
        18,
        null,
        10,
        null,
        10,
        10,
        null,
        0,
        null,
        0,
        null,
        null,
        10,
        1,
        null,
        null,
        1,
        null,
        null,
        0,
        null,
        null,
        1,
        null,
        null,
        7,
        12,
        null,
        null,
        null,
        null,
        10,
        10,
        10,
        21,
        24,
        24,
        null,
        24,
        0,
        null,
        5,
        null,
        19,
        null,
        null,
        24,
        24,
        null,
        21,
        null,
        null,
        10,
        null,
        null,
        1,
        6,
        6,
        null,
        0,
        null,
        null,
        null,
        1,
        1,
        1,
        0,
        1,
        0,
        null,
        1,
        null,
        null,
        0,
        null,
        null,
        null,
        1,
        1,
        1,
        null,
        0,
        null,
        null,
        null,
        1,
        1,
        1,
        null,
        0,
        null,
        null,
        null,
        1,
        4,
        4,
        4,
        null,
        null,
        null,
        1,
        1,
        1,
        1,
        1,
        null,
        0,
        null,
        null,
        null,
        1,
        1,
        1,
        1,
        1,
        1,
        null,
        null,
        1,
        4,
        4,
        4,
        2,
        2,
        null,
        2,
        2,
        2,
        null,
        null,
        null,
        1,
        8,
        7,
        7,
        7,
        6,
        5,
        null,
        5,
        5,
        null,
        1,
        1,
        null,
        null,
        1,
        1,
        null,
        1,
        1,
        null,
        null,
        1,
        5,
        2,
        2,
        2,
        null,
        null,
        3,
        0,
        0,
        0,
        null,
        null,
        3,
        2,
        2,
        null,
        2,
        2,
        null,
        1,
        1,
        null,
        null,
        1,
        1,
        null,
        null,
        113,
        null,
        null,
        113,
        7,
        1,
        null,
        6,
        6,
        null,
        null,
        7,
        null,
        null,
        1,
        null,
        null,
        11,
        null,
        null,
        1,
        6,
        null,
        null
      ],
      "/home/ubuntu/workspace/CSCE606_DeadPool/app/controllers/home_controller.rb": [
        1,
        1,
        1,
        null,
        null
      ],
      "/home/ubuntu/workspace/CSCE606_DeadPool/app/controllers/instructor_controller.rb": [
        1,
        1,
        null,
        1,
        1,
        null,
        1,
        null,
        4,
        7,
        null,
        null,
        1,
        3,
        5,
        3,
        null,
        null,
        1,
        0,
        null,
        0,
        0,
        null,
        0,
        null,
        null,
        1,
        3,
        3,
        3,
        null,
        null,
        1,
        1,
        6,
        null,
        null,
        1,
        10,
        0,
        null,
        null,
        null
      ],
      "/home/ubuntu/workspace/CSCE606_DeadPool/app/models/ability.rb": [
        1,
        1,
        null,
        1,
        29,
        29,
        29,
        29,
        0,
        0,
        0,
        0,
        0,
        null,
        null,
        null
      ],
      "/home/ubuntu/workspace/CSCE606_DeadPool/app/models/course_name.rb": [
        1,
        1,
        null,
        1,
        null,
        null,
        1,
        6,
        6,
        6,
        6,
        6,
        null,
        null,
        null,
        null
      ],
      "/home/ubuntu/workspace/CSCE606_DeadPool/app/models/evaluation.rb": [
        1,
        null,
        1,
        null,
        1,
        null,
        null,
        1,
        0,
        null,
        null,
        null,
        1,
        null,
        1,
        null,
        1,
        null,
        1,
        1,
        1,
        1,
        1,
        1,
        1,
        1,
        1,
        1,
        1,
        null,
        36,
        2,
        null,
        1,
        null,
        1,
        1795,
        null,
        null,
        1,
        76,
        67,
        null,
        76,
        null,
        76,
        76,
        76,
        null,
        76,
        66,
        null,
        null,
        76,
        76,
        76,
        null,
        76,
        null,
        76,
        null,
        null,
        1,
        32,
        null,
        106,
        null,
        48,
        null,
        60,
        198,
        null,
        null,
        1,
        0,
        null,
        0,
        null,
        0,
        null,
        0,
        0,
        0,
        null,
        null,
        1,
        1,
        null,
        3,
        null,
        3,
        null,
        6,
        6,
        7,
        null,
        null,
        1,
        1,
        null,
        3,
        null,
        0,
        null,
        4,
        4,
        5,
        null,
        null,
        1,
        2,
        null,
        4,
        null,
        1,
        null,
        3,
        9,
        null,
        null,
        1,
        100,
        null,
        null,
        1,
        1,
        null,
        null,
        1,
        32,
        null,
        null,
        1,
        2,
        null,
        null,
        1,
        12,
        null,
        null,
        1,
        null,
        null,
        null,
        null,
        null,
        null,
        null,
        null,
        null,
        null,
        null,
        null,
        null,
        null,
        null,
        null,
        9,
        null,
        null
      ],
      "/home/ubuntu/workspace/CSCE606_DeadPool/app/models/instructor.rb": [
        1,
        1,
        null,
        null,
        1,
        null,
        1,
        null,
        1,
        8,
        null,
        null,
        1,
        null,
        12,
        12,
        null,
        null,
        1,
        70,
        70,
        null,
        null
      ],
      "/home/ubuntu/workspace/CSCE606_DeadPool/app/models/role.rb": [
        1,
        1,
        null,
        1,
        null,
        null,
        1,
        null,
        0,
        null,
        null,
        1,
        null,
        null,
        null,
        1,
        null
      ],
      "/home/ubuntu/workspace/CSCE606_DeadPool/lib/pica_report_importer.rb": [
        1,
        1,
        1,
        1,
        null,
        1,
        null,
        1,
        1,
        null,
        1,
        null,
        null,
        null,
        null,
        null,
        1,
        null,
        null,
        null,
        null,
        null,
        1,
        null,
        1,
        10,
        null,
        10,
        7,
        3,
        2,
        2,
        null,
        2,
        null,
        null,
        null,
        1,
        null,
        null,
        null,
        null,
        1,
        6,
        null,
        null,
        1,
        50,
        50,
        50,
        null,
        5,
        null,
        null,
        1,
        1,
        9,
        null,
        null,
        1,
        9,
        null,
        9,
        7,
        null,
        null,
        7,
        7,
        356,
        null,
        null,
        7,
        null,
        62,
        null,
        55,
        55,
        759,
        759,
        758,
        null,
        758,
        758,
        null,
        null,
        54,
        null,
        null,
        2,
        null,
        null,
        2,
        null,
        2,
        102,
        null,
        null,
        2,
        18,
        18,
        252,
        252,
        252,
        null,
        252,
        252,
        54,
        null,
        198,
        null,
        null,
        null,
        18,
        null,
        null,
        null,
        8,
        null,
        null
      ],
      "/home/ubuntu/workspace/CSCE606_DeadPool/lib/course_name_importer.rb": [
        1,
        null,
        1,
        null,
        1,
        1,
        null,
        0,
        null,
        null,
        null,
        null,
        null,
        1,
        null,
        1,
        null,
        4,
        null,
        null,
        1,
        3,
        null,
        null,
        1,
        8,
        8,
        8,
        null,
        2,
        null,
        null,
        1,
        1,
        3,
        null,
        null,
        1,
        3,
        null,
        null,
        3,
        3,
        5,
        null,
        null,
        2,
        null,
        2,
        null,
        8,
        null,
        6,
        6,
        12,
        12,
        12,
        12,
        null,
        null,
        6,
        null,
        2,
        null,
        null
      ],
      "/home/ubuntu/workspace/CSCE606_DeadPool/lib/course_name_import_utils.rb": [
        1,
        1,
        null,
        1,
        2,
        6,
        null,
        null,
        null,
        1,
        6,
        6,
        null,
        null,
        null
      ],
      "/home/ubuntu/workspace/CSCE606_DeadPool/lib/evaluation_report_exporter.rb": [
        1,
        null,
        1,
        1,
        null,
        1,
        null,
        null,
        null,
        null,
        null,
        null,
        null,
        null,
        null,
        null,
        null,
        null,
        null,
        null,
        null,
        null,
        null,
        null,
        null,
        1,
        4,
        null,
        null,
        1,
        4,
        4,
        4,
        9,
        9,
        null,
        null,
        9,
        54,
        9,
        null,
        9,
        72,
        null,
        null,
        9,
        9,
        9,
        162,
        null,
        null,
        null,
        null
      ],
      "/home/ubuntu/workspace/CSCE606_DeadPool/lib/evaluation_import_utils.rb": [
        1,
        1,
        null,
        1,
        7,
        64,
        64,
        null,
        null,
        null,
        1,
        64,
        null,
        64,
        64,
        null,
        null,
        0,
        0,
        0,
        0,
        null,
        0,
        null,
        null,
        0,
        null,
        null,
        null,
        1,
        null,
        808,
        null,
        null,
        808,
        null,
        64,
        null,
        null,
        null
      ],
      "/home/ubuntu/workspace/CSCE606_DeadPool/lib/grade_distribution_report_importer.rb": [
        1,
        null,
        1,
        null,
        1,
        null,
        null,
        null,
        null,
        null,
        1,
        null,
        1,
        3,
        2,
        null,
        null,
        1,
        2,
        null,
        null,
        1,
        21,
        21,
        21,
        null,
        2,
        null,
        null,
        1,
        1,
        2,
        null,
        null,
        1,
        2,
        2,
        2,
        2,
        null,
        2,
        19,
        19,
        null,
        null,
        null,
        null,
        null,
        null,
        null,
        19,
        null,
        null,
        null,
        1,
        2,
        null,
        null,
        84,
        null,
        2,
        null,
        2,
        34,
        34,
        0,
        34,
        6,
        71,
        null,
        null,
        null,
        2,
        null,
        null,
        1,
        34,
        266,
        260,
        266,
        34,
        null,
        null,
        1,
        0,
        0,
        0,
        0,
        null,
        null,
        1,
        71,
        null,
        19,
        null,
        25,
        239,
        19,
        null,
        239,
        null,
        null,
        19,
        102,
        19,
        19,
        null,
        null,
        null,
        null,
        null,
        1,
        2,
        null,
        null
      ],
      "/home/ubuntu/workspace/CSCE606_DeadPool/lib/instructor_report_exporter.rb": [
        1,
        null,
        1,
        1,
        1,
        null,
        1,
        null,
        null,
        null,
        null,
        null,
        null,
        null,
        null,
        null,
        1,
        3,
        3,
        3,
        null,
        null,
        1,
        3,
        3,
        3,
        3,
        3,
        9,
        9,
        9,
        9,
        9,
        9,
        9,
        9,
        9,
        null,
        null,
        null,
        null
      ]
    },
    "timestamp": 1490495983
  }
}
